Virtual User Script started at: 29.03.2021 17:37:11
Starting action vuser_init.
Web Turbo Replay of LoadRunner 12.60.0 for Windows 10; build 971 (‡‚„ 09 2018 11:27:13)  	[MsgId: MMSG-26983]
Run mode: HTML  	[MsgId: MMSG-26993]
Replay user agent: Mozilla/5.0 (Windows NT 10.0; WOW64; Trident/7.0; rv:11.0) like Gecko  	[MsgId: MMSG-26988]
Runtime Settings file: "C:\Users\1\Desktop\ƒ« Õ“\Scripts\HW_NT_1\HW_NT_1\\default.cfg"  	[MsgId: MMSG-27141]
vuser_init.c(13): web_reg_save_param_attrib started  	[MsgId: MMSG-26355]
vuser_init.c(13): Registering web_reg_save_param_attrib was successful  	[MsgId: MMSG-26390]
vuser_init.c(24): web_url("WebTours") started  	[MsgId: MMSG-26355]
vuser_init.c(24): Detected non-resource "http://localhost:1080/WebTours/header.html" in "http://localhost:1080/WebTours/"  	[MsgId: MMSG-26574]
vuser_init.c(24): Detected non-resource "http://localhost:1080/cgi-bin/welcome.pl?signOff=true" in "http://localhost:1080/WebTours/"  	[MsgId: MMSG-26574]
vuser_init.c(24): Found resource "http://localhost:1080/WebTours/images/hp_logo.png" in HTML "http://localhost:1080/WebTours/header.html"  	[MsgId: MMSG-26659]
vuser_init.c(24): Found resource "http://localhost:1080/WebTours/images/webtours.png" in HTML "http://localhost:1080/WebTours/header.html"  	[MsgId: MMSG-26659]
vuser_init.c(24): Detected non-resource "http://localhost:1080/cgi-bin/nav.pl?in=home" in "http://localhost:1080/cgi-bin/welcome.pl?signOff=true"  	[MsgId: MMSG-26574]
vuser_init.c(24): Detected non-resource "http://localhost:1080/WebTours/home.html" in "http://localhost:1080/cgi-bin/welcome.pl?signOff=true"  	[MsgId: MMSG-26574]
vuser_init.c(24): Found resource "http://localhost:1080/WebTours/images/mer_login.gif" in HTML "http://localhost:1080/cgi-bin/nav.pl?in=home"  	[MsgId: MMSG-26659]
vuser_init.c(24): web_url("WebTours") was successful, 10080 body bytes, 2371 header bytes, 24 chunking overhead bytes  	[MsgId: MMSG-26385]
vuser_init.c(34): web_submit_data("login.pl") started  	[MsgId: MMSG-26355]
vuser_init.c(34): Detected non-resource "http://localhost:1080/cgi-bin/nav.pl?page=menu&in=home" in "http://localhost:1080/cgi-bin/login.pl"  	[MsgId: MMSG-26574]
vuser_init.c(34): Detected non-resource "http://localhost:1080/cgi-bin/login.pl?intro=true" in "http://localhost:1080/cgi-bin/login.pl"  	[MsgId: MMSG-26574]
vuser_init.c(34): Found resource "http://localhost:1080/WebTours/images/flights.gif" in HTML "http://localhost:1080/cgi-bin/nav.pl?page=menu&in=home"  	[MsgId: MMSG-26659]
vuser_init.c(34): Found resource "http://localhost:1080/WebTours/images/itinerary.gif" in HTML "http://localhost:1080/cgi-bin/nav.pl?page=menu&in=home"  	[MsgId: MMSG-26659]
vuser_init.c(34): Found resource "http://localhost:1080/WebTours/images/in_home.gif" in HTML "http://localhost:1080/cgi-bin/nav.pl?page=menu&in=home"  	[MsgId: MMSG-26659]
vuser_init.c(34): Found resource "http://localhost:1080/WebTours/images/signoff.gif" in HTML "http://localhost:1080/cgi-bin/nav.pl?page=menu&in=home"  	[MsgId: MMSG-26659]
vuser_init.c(34): web_submit_data("login.pl") was successful, 5779 body bytes, 2031 header bytes, 36 chunking overhead bytes  	[MsgId: MMSG-26385]
Ending action vuser_init.
Running Vuser...
Starting iteration 1.
Warning -27077: The "vuser_init" section contains web function(s) when the "Simulate a new user on each iteration" Runtime Setting is ON.  This may produce unpredictable results with multiple iterations  	[MsgId: MWAR-27077]
Maximum number of concurrent connections per server: 6  	[MsgId: MMSG-26989]
Starting action Action.
Action.c(4): web_url("Search Flights Button") started  	[MsgId: MMSG-26355]
Action.c(4): Detected non-resource "http://localhost:1080/cgi-bin/nav.pl?page=menu&in=flights" in "http://localhost:1080/cgi-bin/welcome.pl?page=search"  	[MsgId: MMSG-26574]
Action.c(4): Detected non-resource "http://localhost:1080/cgi-bin/reservations.pl?page=welcome" in "http://localhost:1080/cgi-bin/welcome.pl?page=search"  	[MsgId: MMSG-26574]
Action.c(4): Found resource "http://localhost:1080/WebTours/images/in_flights.gif" in HTML "http://localhost:1080/cgi-bin/nav.pl?page=menu&in=flights"  	[MsgId: MMSG-26659]
Action.c(4): Resource "http://localhost:1080/WebTours/images/itinerary.gif" is in the cache already and will not be downloaded again  	[MsgId: MMSG-26655]
Action.c(4): Found resource "http://localhost:1080/WebTours/images/home.gif" in HTML "http://localhost:1080/cgi-bin/nav.pl?page=menu&in=flights"  	[MsgId: MMSG-26659]
Action.c(4): Resource "http://localhost:1080/WebTours/images/signoff.gif" is in the cache already and will not be downloaded again  	[MsgId: MMSG-26655]
Action.c(4): Found resource "http://localhost:1080/WebTours/images/button_next.gif" in HTML "http://localhost:1080/cgi-bin/reservations.pl?page=welcome"  	[MsgId: MMSG-26659]
Action.c(4): web_url("Search Flights Button") was successful, 8516 body bytes, 1616 header bytes, 43 chunking overhead bytes  	[MsgId: MMSG-26385]
Action.c(14): web_submit_data("reservations.pl") started  	[MsgId: MMSG-26355]
Action.c(14): Resource "http://localhost:1080/WebTours/images/button_next.gif" is in the cache already and will not be downloaded again  	[MsgId: MMSG-26655]
Action.c(14): web_submit_data("reservations.pl") was successful, 2446 body bytes, 255 header bytes, 12 chunking overhead bytes  	[MsgId: MMSG-26385]
Action.c(38): web_submit_data("reservations.pl_2") started  	[MsgId: MMSG-26355]
Action.c(38): Resource "http://localhost:1080/WebTours/images/button_next.gif" is in the cache already and will not be downloaded again  	[MsgId: MMSG-26655]
Action.c(38): web_submit_data("reservations.pl_2") was successful, 2698 body bytes, 255 header bytes, 12 chunking overhead bytes  	[MsgId: MMSG-26385]
Action.c(56): web_submit_data("reservations.pl_3") started  	[MsgId: MMSG-26355]
Action.c(56): Found resource "http://localhost:1080/WebTours/images/bookanother.gif" in HTML "http://localhost:1080/cgi-bin/reservations.pl"  	[MsgId: MMSG-26659]
Action.c(56): web_submit_data("reservations.pl_3") was successful, 3284 body bytes, 658 header bytes, 12 chunking overhead bytes  	[MsgId: MMSG-26385]
Action.c(85): web_submit_data("reservations.pl_4") started  	[MsgId: MMSG-26355]
Action.c(85): Resource "http://localhost:1080/WebTours/images/button_next.gif" is in the cache already and will not be downloaded again  	[MsgId: MMSG-26655]
Action.c(85): web_submit_data("reservations.pl_4") was successful, 4246 body bytes, 255 header bytes, 19 chunking overhead bytes  	[MsgId: MMSG-26385]
Ending action Action.
Starting action Action2.
Ending action Action2.
Ending iteration 1.
Waiting 35,5160 seconds for iteration pacing.
Starting iteration 2.
Starting action Action.
Action.c(4): web_url("Search Flights Button") started  	[MsgId: MMSG-26355]
Action.c(4): Detected non-resource "http://localhost:1080/cgi-bin/nav.pl?page=menu&in=flights" in "http://localhost:1080/cgi-bin/welcome.pl?page=search"  	[MsgId: MMSG-26574]
Action.c(4): Detected non-resource "http://localhost:1080/cgi-bin/reservations.pl?page=welcome" in "http://localhost:1080/cgi-bin/welcome.pl?page=search"  	[MsgId: MMSG-26574]
Action.c(4): Found resource "http://localhost:1080/WebTours/images/in_flights.gif" in HTML "http://localhost:1080/cgi-bin/nav.pl?page=menu&in=flights"  	[MsgId: MMSG-26659]
Action.c(4): Found resource "http://localhost:1080/WebTours/images/itinerary.gif" in HTML "http://localhost:1080/cgi-bin/nav.pl?page=menu&in=flights"  	[MsgId: MMSG-26659]
Action.c(4): Found resource "http://localhost:1080/WebTours/images/home.gif" in HTML "http://localhost:1080/cgi-bin/nav.pl?page=menu&in=flights"  	[MsgId: MMSG-26659]
Action.c(4): Found resource "http://localhost:1080/WebTours/images/signoff.gif" in HTML "http://localhost:1080/cgi-bin/nav.pl?page=menu&in=flights"  	[MsgId: MMSG-26659]
Action.c(4): Found resource "http://localhost:1080/WebTours/images/button_next.gif" in HTML "http://localhost:1080/cgi-bin/reservations.pl?page=welcome"  	[MsgId: MMSG-26659]
Action.c(4): web_url("Search Flights Button") was successful, 10000 body bytes, 2216 header bytes, 43 chunking overhead bytes  	[MsgId: MMSG-26385]
Action.c(14): web_submit_data("reservations.pl") started  	[MsgId: MMSG-26355]
Action.c(14): Resource "http://localhost:1080/WebTours/images/button_next.gif" is in the cache already and will not be downloaded again  	[MsgId: MMSG-26655]
Action.c(14): web_submit_data("reservations.pl") was successful, 2446 body bytes, 255 header bytes, 12 chunking overhead bytes  	[MsgId: MMSG-26385]
Action.c(38): web_submit_data("reservations.pl_2") started  	[MsgId: MMSG-26355]
Action.c(38): Resource "http://localhost:1080/WebTours/images/button_next.gif" is in the cache already and will not be downloaded again  	[MsgId: MMSG-26655]
Action.c(38): web_submit_data("reservations.pl_2") was successful, 2698 body bytes, 255 header bytes, 12 chunking overhead bytes  	[MsgId: MMSG-26385]
Action.c(56): web_submit_data("reservations.pl_3") started  	[MsgId: MMSG-26355]
Action.c(56): Found resource "http://localhost:1080/WebTours/images/bookanother.gif" in HTML "http://localhost:1080/cgi-bin/reservations.pl"  	[MsgId: MMSG-26659]
Action.c(56): web_submit_data("reservations.pl_3") was successful, 3284 body bytes, 658 header bytes, 12 chunking overhead bytes  	[MsgId: MMSG-26385]
Action.c(85): web_submit_data("reservations.pl_4") started  	[MsgId: MMSG-26355]
Action.c(85): Resource "http://localhost:1080/WebTours/images/button_next.gif" is in the cache already and will not be downloaded again  	[MsgId: MMSG-26655]
Action.c(85): web_submit_data("reservations.pl_4") was successful, 4246 body bytes, 255 header bytes, 19 chunking overhead bytes  	[MsgId: MMSG-26385]
Ending action Action.
Starting action Action2.
Ending action Action2.
Ending iteration 2.
Waiting 35,5110 seconds for iteration pacing.
Starting iteration 3.
Starting action Action.
Action.c(4): web_url("Search Flights Button") started  	[MsgId: MMSG-26355]
Action.c(4): Detected non-resource "http://localhost:1080/cgi-bin/nav.pl?page=menu&in=flights" in "http://localhost:1080/cgi-bin/welcome.pl?page=search"  	[MsgId: MMSG-26574]
Action.c(4): Detected non-resource "http://localhost:1080/cgi-bin/reservations.pl?page=welcome" in "http://localhost:1080/cgi-bin/welcome.pl?page=search"  	[MsgId: MMSG-26574]
Action.c(4): Found resource "http://localhost:1080/WebTours/images/in_flights.gif" in HTML "http://localhost:1080/cgi-bin/nav.pl?page=menu&in=flights"  	[MsgId: MMSG-26659]
Action.c(4): Found resource "http://localhost:1080/WebTours/images/itinerary.gif" in HTML "http://localhost:1080/cgi-bin/nav.pl?page=menu&in=flights"  	[MsgId: MMSG-26659]
Action.c(4): Found resource "http://localhost:1080/WebTours/images/home.gif" in HTML "http://localhost:1080/cgi-bin/nav.pl?page=menu&in=flights"  	[MsgId: MMSG-26659]
Action.c(4): Found resource "http://localhost:1080/WebTours/images/signoff.gif" in HTML "http://localhost:1080/cgi-bin/nav.pl?page=menu&in=flights"  	[MsgId: MMSG-26659]
Action.c(4): Found resource "http://localhost:1080/WebTours/images/button_next.gif" in HTML "http://localhost:1080/cgi-bin/reservations.pl?page=welcome"  	[MsgId: MMSG-26659]
Action.c(4): web_url("Search Flights Button") was successful, 10000 body bytes, 2216 header bytes, 43 chunking overhead bytes  	[MsgId: MMSG-26385]
Action.c(14): web_submit_data("reservations.pl") started  	[MsgId: MMSG-26355]
Action.c(14): Resource "http://localhost:1080/WebTours/images/button_next.gif" is in the cache already and will not be downloaded again  	[MsgId: MMSG-26655]
Action.c(14): web_submit_data("reservations.pl") was successful, 2446 body bytes, 255 header bytes, 12 chunking overhead bytes  	[MsgId: MMSG-26385]
Action.c(38): web_submit_data("reservations.pl_2") started  	[MsgId: MMSG-26355]
Action.c(38): Resource "http://localhost:1080/WebTours/images/button_next.gif" is in the cache already and will not be downloaded again  	[MsgId: MMSG-26655]
Action.c(38): web_submit_data("reservations.pl_2") was successful, 2698 body bytes, 255 header bytes, 12 chunking overhead bytes  	[MsgId: MMSG-26385]
Action.c(56): web_submit_data("reservations.pl_3") started  	[MsgId: MMSG-26355]
Action.c(56): Found resource "http://localhost:1080/WebTours/images/bookanother.gif" in HTML "http://localhost:1080/cgi-bin/reservations.pl"  	[MsgId: MMSG-26659]
Action.c(56): web_submit_data("reservations.pl_3") was successful, 3284 body bytes, 658 header bytes, 12 chunking overhead bytes  	[MsgId: MMSG-26385]
Action.c(85): web_submit_data("reservations.pl_4") started  	[MsgId: MMSG-26355]
Action.c(85): Resource "http://localhost:1080/WebTours/images/button_next.gif" is in the cache already and will not be downloaded again  	[MsgId: MMSG-26655]
Action.c(85): web_submit_data("reservations.pl_4") was successful, 4246 body bytes, 255 header bytes, 19 chunking overhead bytes  	[MsgId: MMSG-26385]
Ending action Action.
Starting action Action1.
Action1.c(4): web_url("Home Button") started  	[MsgId: MMSG-26355]
Action1.c(4): Detected non-resource "http://localhost:1080/cgi-bin/nav.pl?page=menu&in=home" in "http://localhost:1080/cgi-bin/welcome.pl?page=menus"  	[MsgId: MMSG-26574]
Action1.c(4): Detected non-resource "http://localhost:1080/cgi-bin/login.pl?intro=true" in "http://localhost:1080/cgi-bin/welcome.pl?page=menus"  	[MsgId: MMSG-26574]
Action1.c(4): Found resource "http://localhost:1080/WebTours/images/flights.gif" in HTML "http://localhost:1080/cgi-bin/nav.pl?page=menu&in=home"  	[MsgId: MMSG-26659]
Action1.c(4): Resource "http://localhost:1080/WebTours/images/itinerary.gif" is in the cache already and will not be downloaded again  	[MsgId: MMSG-26655]
Action1.c(4): Found resource "http://localhost:1080/WebTours/images/in_home.gif" in HTML "http://localhost:1080/cgi-bin/nav.pl?page=menu&in=home"  	[MsgId: MMSG-26659]
Action1.c(4): Resource "http://localhost:1080/WebTours/images/signoff.gif" is in the cache already and will not be downloaded again  	[MsgId: MMSG-26655]
Action1.c(4): web_url("Home Button") was successful, 4410 body bytes, 1292 header bytes, 36 chunking overhead bytes  	[MsgId: MMSG-26385]
Ending action Action1.
Ending iteration 3.
Waiting 35,3860 seconds for iteration pacing.
Starting iteration 4.
Starting action Action.
Action.c(4): web_url("Search Flights Button") started  	[MsgId: MMSG-26355]
Action.c(4): Detected non-resource "http://localhost:1080/cgi-bin/nav.pl?page=menu&in=flights" in "http://localhost:1080/cgi-bin/welcome.pl?page=search"  	[MsgId: MMSG-26574]
Action.c(4): Detected non-resource "http://localhost:1080/cgi-bin/reservations.pl?page=welcome" in "http://localhost:1080/cgi-bin/welcome.pl?page=search"  	[MsgId: MMSG-26574]
Action.c(4): Found resource "http://localhost:1080/WebTours/images/in_flights.gif" in HTML "http://localhost:1080/cgi-bin/nav.pl?page=menu&in=flights"  	[MsgId: MMSG-26659]
Action.c(4): Found resource "http://localhost:1080/WebTours/images/itinerary.gif" in HTML "http://localhost:1080/cgi-bin/nav.pl?page=menu&in=flights"  	[MsgId: MMSG-26659]
Action.c(4): Found resource "http://localhost:1080/WebTours/images/home.gif" in HTML "http://localhost:1080/cgi-bin/nav.pl?page=menu&in=flights"  	[MsgId: MMSG-26659]
Action.c(4): Found resource "http://localhost:1080/WebTours/images/signoff.gif" in HTML "http://localhost:1080/cgi-bin/nav.pl?page=menu&in=flights"  	[MsgId: MMSG-26659]
Action.c(4): Found resource "http://localhost:1080/WebTours/images/button_next.gif" in HTML "http://localhost:1080/cgi-bin/reservations.pl?page=welcome"  	[MsgId: MMSG-26659]
Action.c(4): web_url("Search Flights Button") was successful, 10000 body bytes, 2216 header bytes, 43 chunking overhead bytes  	[MsgId: MMSG-26385]
Action.c(14): web_submit_data("reservations.pl") started  	[MsgId: MMSG-26355]
Action.c(14): Resource "http://localhost:1080/WebTours/images/button_next.gif" is in the cache already and will not be downloaded again  	[MsgId: MMSG-26655]
Action.c(14): web_submit_data("reservations.pl") was successful, 2446 body bytes, 255 header bytes, 12 chunking overhead bytes  	[MsgId: MMSG-26385]
Action.c(38): web_submit_data("reservations.pl_2") started  	[MsgId: MMSG-26355]
Action.c(38): Resource "http://localhost:1080/WebTours/images/button_next.gif" is in the cache already and will not be downloaded again  	[MsgId: MMSG-26655]
Action.c(38): web_submit_data("reservations.pl_2") was successful, 2698 body bytes, 255 header bytes, 12 chunking overhead bytes  	[MsgId: MMSG-26385]
Action.c(56): web_submit_data("reservations.pl_3") started  	[MsgId: MMSG-26355]
Action.c(56): Found resource "http://localhost:1080/WebTours/images/bookanother.gif" in HTML "http://localhost:1080/cgi-bin/reservations.pl"  	[MsgId: MMSG-26659]
Action.c(56): web_submit_data("reservations.pl_3") was successful, 3284 body bytes, 658 header bytes, 12 chunking overhead bytes  	[MsgId: MMSG-26385]
Action.c(85): web_submit_data("reservations.pl_4") started  	[MsgId: MMSG-26355]
Action.c(85): Resource "http://localhost:1080/WebTours/images/button_next.gif" is in the cache already and will not be downloaded again  	[MsgId: MMSG-26655]
Action.c(85): web_submit_data("reservations.pl_4") was successful, 4246 body bytes, 255 header bytes, 19 chunking overhead bytes  	[MsgId: MMSG-26385]
Ending action Action.
Starting action Action2.
Ending action Action2.
Ending iteration 4.
Waiting 35,4970 seconds for iteration pacing.
Starting iteration 5.
Starting action Action.
Action.c(4): web_url("Search Flights Button") started  	[MsgId: MMSG-26355]
Action.c(4): Detected non-resource "http://localhost:1080/cgi-bin/nav.pl?page=menu&in=flights" in "http://localhost:1080/cgi-bin/welcome.pl?page=search"  	[MsgId: MMSG-26574]
Action.c(4): Detected non-resource "http://localhost:1080/cgi-bin/reservations.pl?page=welcome" in "http://localhost:1080/cgi-bin/welcome.pl?page=search"  	[MsgId: MMSG-26574]
Action.c(4): Found resource "http://localhost:1080/WebTours/images/in_flights.gif" in HTML "http://localhost:1080/cgi-bin/nav.pl?page=menu&in=flights"  	[MsgId: MMSG-26659]
Action.c(4): Found resource "http://localhost:1080/WebTours/images/itinerary.gif" in HTML "http://localhost:1080/cgi-bin/nav.pl?page=menu&in=flights"  	[MsgId: MMSG-26659]
Action.c(4): Found resource "http://localhost:1080/WebTours/images/home.gif" in HTML "http://localhost:1080/cgi-bin/nav.pl?page=menu&in=flights"  	[MsgId: MMSG-26659]
Action.c(4): Found resource "http://localhost:1080/WebTours/images/signoff.gif" in HTML "http://localhost:1080/cgi-bin/nav.pl?page=menu&in=flights"  	[MsgId: MMSG-26659]
Action.c(4): Found resource "http://localhost:1080/WebTours/images/button_next.gif" in HTML "http://localhost:1080/cgi-bin/reservations.pl?page=welcome"  	[MsgId: MMSG-26659]
Action.c(4): web_url("Search Flights Button") was successful, 10000 body bytes, 2216 header bytes, 43 chunking overhead bytes  	[MsgId: MMSG-26385]
Action.c(14): web_submit_data("reservations.pl") started  	[MsgId: MMSG-26355]
Action.c(14): Resource "http://localhost:1080/WebTours/images/button_next.gif" is in the cache already and will not be downloaded again  	[MsgId: MMSG-26655]
Action.c(14): web_submit_data("reservations.pl") was successful, 2446 body bytes, 255 header bytes, 12 chunking overhead bytes  	[MsgId: MMSG-26385]
Action.c(38): web_submit_data("reservations.pl_2") started  	[MsgId: MMSG-26355]
Action.c(38): Resource "http://localhost:1080/WebTours/images/button_next.gif" is in the cache already and will not be downloaded again  	[MsgId: MMSG-26655]
Action.c(38): web_submit_data("reservations.pl_2") was successful, 2698 body bytes, 255 header bytes, 12 chunking overhead bytes  	[MsgId: MMSG-26385]
Action.c(56): web_submit_data("reservations.pl_3") started  	[MsgId: MMSG-26355]
Action.c(56): Found resource "http://localhost:1080/WebTours/images/bookanother.gif" in HTML "http://localhost:1080/cgi-bin/reservations.pl"  	[MsgId: MMSG-26659]
Action.c(56): web_submit_data("reservations.pl_3") was successful, 3284 body bytes, 658 header bytes, 12 chunking overhead bytes  	[MsgId: MMSG-26385]
Action.c(85): web_submit_data("reservations.pl_4") started  	[MsgId: MMSG-26355]
Action.c(85): Resource "http://localhost:1080/WebTours/images/button_next.gif" is in the cache already and will not be downloaded again  	[MsgId: MMSG-26655]
Action.c(85): web_submit_data("reservations.pl_4") was successful, 4246 body bytes, 255 header bytes, 19 chunking overhead bytes  	[MsgId: MMSG-26385]
Ending action Action.
Starting action Action2.
Ending action Action2.
Ending iteration 5.
Waiting 35,4780 seconds for iteration pacing.
Starting iteration 6.
Starting action Action.
Action.c(4): web_url("Search Flights Button") started  	[MsgId: MMSG-26355]
Action.c(4): Detected non-resource "http://localhost:1080/cgi-bin/nav.pl?page=menu&in=flights" in "http://localhost:1080/cgi-bin/welcome.pl?page=search"  	[MsgId: MMSG-26574]
Action.c(4): Detected non-resource "http://localhost:1080/cgi-bin/reservations.pl?page=welcome" in "http://localhost:1080/cgi-bin/welcome.pl?page=search"  	[MsgId: MMSG-26574]
Action.c(4): Found resource "http://localhost:1080/WebTours/images/in_flights.gif" in HTML "http://localhost:1080/cgi-bin/nav.pl?page=menu&in=flights"  	[MsgId: MMSG-26659]
Action.c(4): Found resource "http://localhost:1080/WebTours/images/itinerary.gif" in HTML "http://localhost:1080/cgi-bin/nav.pl?page=menu&in=flights"  	[MsgId: MMSG-26659]
Action.c(4): Found resource "http://localhost:1080/WebTours/images/home.gif" in HTML "http://localhost:1080/cgi-bin/nav.pl?page=menu&in=flights"  	[MsgId: MMSG-26659]
Action.c(4): Found resource "http://localhost:1080/WebTours/images/signoff.gif" in HTML "http://localhost:1080/cgi-bin/nav.pl?page=menu&in=flights"  	[MsgId: MMSG-26659]
Action.c(4): Found resource "http://localhost:1080/WebTours/images/button_next.gif" in HTML "http://localhost:1080/cgi-bin/reservations.pl?page=welcome"  	[MsgId: MMSG-26659]
Action.c(4): web_url("Search Flights Button") was successful, 10000 body bytes, 2216 header bytes, 43 chunking overhead bytes  	[MsgId: MMSG-26385]
Action.c(14): web_submit_data("reservations.pl") started  	[MsgId: MMSG-26355]
Action.c(14): Resource "http://localhost:1080/WebTours/images/button_next.gif" is in the cache already and will not be downloaded again  	[MsgId: MMSG-26655]
Action.c(14): web_submit_data("reservations.pl") was successful, 2446 body bytes, 255 header bytes, 12 chunking overhead bytes  	[MsgId: MMSG-26385]
Action.c(38): web_submit_data("reservations.pl_2") started  	[MsgId: MMSG-26355]
Action.c(38): Resource "http://localhost:1080/WebTours/images/button_next.gif" is in the cache already and will not be downloaded again  	[MsgId: MMSG-26655]
Action.c(38): web_submit_data("reservations.pl_2") was successful, 2698 body bytes, 255 header bytes, 12 chunking overhead bytes  	[MsgId: MMSG-26385]
Action.c(56): web_submit_data("reservations.pl_3") started  	[MsgId: MMSG-26355]
Action.c(56): Found resource "http://localhost:1080/WebTours/images/bookanother.gif" in HTML "http://localhost:1080/cgi-bin/reservations.pl"  	[MsgId: MMSG-26659]
Action.c(56): web_submit_data("reservations.pl_3") was successful, 3284 body bytes, 658 header bytes, 12 chunking overhead bytes  	[MsgId: MMSG-26385]
Action.c(85): web_submit_data("reservations.pl_4") started  	[MsgId: MMSG-26355]
Action.c(85): Resource "http://localhost:1080/WebTours/images/button_next.gif" is in the cache already and will not be downloaded again  	[MsgId: MMSG-26655]
Action.c(85): web_submit_data("reservations.pl_4") was successful, 4246 body bytes, 255 header bytes, 19 chunking overhead bytes  	[MsgId: MMSG-26385]
Ending action Action.
Starting action Action2.
Ending action Action2.
Ending iteration 6.
Waiting 35,4780 seconds for iteration pacing.
Starting iteration 7.
Starting action Action.
Action.c(4): web_url("Search Flights Button") started  	[MsgId: MMSG-26355]
Action.c(4): Detected non-resource "http://localhost:1080/cgi-bin/nav.pl?page=menu&in=flights" in "http://localhost:1080/cgi-bin/welcome.pl?page=search"  	[MsgId: MMSG-26574]
Action.c(4): Detected non-resource "http://localhost:1080/cgi-bin/reservations.pl?page=welcome" in "http://localhost:1080/cgi-bin/welcome.pl?page=search"  	[MsgId: MMSG-26574]
Action.c(4): Found resource "http://localhost:1080/WebTours/images/in_flights.gif" in HTML "http://localhost:1080/cgi-bin/nav.pl?page=menu&in=flights"  	[MsgId: MMSG-26659]
Action.c(4): Found resource "http://localhost:1080/WebTours/images/itinerary.gif" in HTML "http://localhost:1080/cgi-bin/nav.pl?page=menu&in=flights"  	[MsgId: MMSG-26659]
Action.c(4): Found resource "http://localhost:1080/WebTours/images/home.gif" in HTML "http://localhost:1080/cgi-bin/nav.pl?page=menu&in=flights"  	[MsgId: MMSG-26659]
Action.c(4): Found resource "http://localhost:1080/WebTours/images/signoff.gif" in HTML "http://localhost:1080/cgi-bin/nav.pl?page=menu&in=flights"  	[MsgId: MMSG-26659]
Action.c(4): Found resource "http://localhost:1080/WebTours/images/button_next.gif" in HTML "http://localhost:1080/cgi-bin/reservations.pl?page=welcome"  	[MsgId: MMSG-26659]
Action.c(4): web_url("Search Flights Button") was successful, 10000 body bytes, 2216 header bytes, 43 chunking overhead bytes  	[MsgId: MMSG-26385]
Action.c(14): web_submit_data("reservations.pl") started  	[MsgId: MMSG-26355]
Action.c(14): Resource "http://localhost:1080/WebTours/images/button_next.gif" is in the cache already and will not be downloaded again  	[MsgId: MMSG-26655]
Action.c(14): web_submit_data("reservations.pl") was successful, 2446 body bytes, 255 header bytes, 12 chunking overhead bytes  	[MsgId: MMSG-26385]
Action.c(38): web_submit_data("reservations.pl_2") started  	[MsgId: MMSG-26355]
Action.c(38): Resource "http://localhost:1080/WebTours/images/button_next.gif" is in the cache already and will not be downloaded again  	[MsgId: MMSG-26655]
Action.c(38): web_submit_data("reservations.pl_2") was successful, 2698 body bytes, 255 header bytes, 12 chunking overhead bytes  	[MsgId: MMSG-26385]
Action.c(56): web_submit_data("reservations.pl_3") started  	[MsgId: MMSG-26355]
Action.c(56): Found resource "http://localhost:1080/WebTours/images/bookanother.gif" in HTML "http://localhost:1080/cgi-bin/reservations.pl"  	[MsgId: MMSG-26659]
Action.c(56): web_submit_data("reservations.pl_3") was successful, 3284 body bytes, 658 header bytes, 12 chunking overhead bytes  	[MsgId: MMSG-26385]
Action.c(85): web_submit_data("reservations.pl_4") started  	[MsgId: MMSG-26355]
Action.c(85): Resource "http://localhost:1080/WebTours/images/button_next.gif" is in the cache already and will not be downloaded again  	[MsgId: MMSG-26655]
Action.c(85): web_submit_data("reservations.pl_4") was successful, 4246 body bytes, 255 header bytes, 19 chunking overhead bytes  	[MsgId: MMSG-26385]
Ending action Action.
Starting action Action1.
Action1.c(4): web_url("Home Button") started  	[MsgId: MMSG-26355]
Action1.c(4): Detected non-resource "http://localhost:1080/cgi-bin/nav.pl?page=menu&in=home" in "http://localhost:1080/cgi-bin/welcome.pl?page=menus"  	[MsgId: MMSG-26574]
Action1.c(4): Detected non-resource "http://localhost:1080/cgi-bin/login.pl?intro=true" in "http://localhost:1080/cgi-bin/welcome.pl?page=menus"  	[MsgId: MMSG-26574]
Action1.c(4): Found resource "http://localhost:1080/WebTours/images/flights.gif" in HTML "http://localhost:1080/cgi-bin/nav.pl?page=menu&in=home"  	[MsgId: MMSG-26659]
Action1.c(4): Resource "http://localhost:1080/WebTours/images/itinerary.gif" is in the cache already and will not be downloaded again  	[MsgId: MMSG-26655]
Action1.c(4): Found resource "http://localhost:1080/WebTours/images/in_home.gif" in HTML "http://localhost:1080/cgi-bin/nav.pl?page=menu&in=home"  	[MsgId: MMSG-26659]
Action1.c(4): Resource "http://localhost:1080/WebTours/images/signoff.gif" is in the cache already and will not be downloaded again  	[MsgId: MMSG-26655]
Action1.c(4): web_url("Home Button") was successful, 4410 body bytes, 1292 header bytes, 36 chunking overhead bytes  	[MsgId: MMSG-26385]
Ending action Action1.
Ending iteration 7.
Waiting 35,3500 seconds for iteration pacing.
Starting iteration 8.
Starting action Action.
Action.c(4): web_url("Search Flights Button") started  	[MsgId: MMSG-26355]
Action.c(4): Detected non-resource "http://localhost:1080/cgi-bin/nav.pl?page=menu&in=flights" in "http://localhost:1080/cgi-bin/welcome.pl?page=search"  	[MsgId: MMSG-26574]
Action.c(4): Detected non-resource "http://localhost:1080/cgi-bin/reservations.pl?page=welcome" in "http://localhost:1080/cgi-bin/welcome.pl?page=search"  	[MsgId: MMSG-26574]
Action.c(4): Found resource "http://localhost:1080/WebTours/images/in_flights.gif" in HTML "http://localhost:1080/cgi-bin/nav.pl?page=menu&in=flights"  	[MsgId: MMSG-26659]
Action.c(4): Found resource "http://localhost:1080/WebTours/images/itinerary.gif" in HTML "http://localhost:1080/cgi-bin/nav.pl?page=menu&in=flights"  	[MsgId: MMSG-26659]
Action.c(4): Found resource "http://localhost:1080/WebTours/images/home.gif" in HTML "http://localhost:1080/cgi-bin/nav.pl?page=menu&in=flights"  	[MsgId: MMSG-26659]
Action.c(4): Found resource "http://localhost:1080/WebTours/images/signoff.gif" in HTML "http://localhost:1080/cgi-bin/nav.pl?page=menu&in=flights"  	[MsgId: MMSG-26659]
Action.c(4): Found resource "http://localhost:1080/WebTours/images/button_next.gif" in HTML "http://localhost:1080/cgi-bin/reservations.pl?page=welcome"  	[MsgId: MMSG-26659]
Action.c(4): web_url("Search Flights Button") was successful, 10000 body bytes, 2216 header bytes, 43 chunking overhead bytes  	[MsgId: MMSG-26385]
Action.c(14): web_submit_data("reservations.pl") started  	[MsgId: MMSG-26355]
Action.c(14): Resource "http://localhost:1080/WebTours/images/button_next.gif" is in the cache already and will not be downloaded again  	[MsgId: MMSG-26655]
Action.c(14): web_submit_data("reservations.pl") was successful, 2446 body bytes, 255 header bytes, 12 chunking overhead bytes  	[MsgId: MMSG-26385]
Action.c(38): web_submit_data("reservations.pl_2") started  	[MsgId: MMSG-26355]
Action.c(38): Resource "http://localhost:1080/WebTours/images/button_next.gif" is in the cache already and will not be downloaded again  	[MsgId: MMSG-26655]
Action.c(38): web_submit_data("reservations.pl_2") was successful, 2698 body bytes, 255 header bytes, 12 chunking overhead bytes  	[MsgId: MMSG-26385]
Action.c(56): web_submit_data("reservations.pl_3") started  	[MsgId: MMSG-26355]
Action.c(56): Found resource "http://localhost:1080/WebTours/images/bookanother.gif" in HTML "http://localhost:1080/cgi-bin/reservations.pl"  	[MsgId: MMSG-26659]
Action.c(56): web_submit_data("reservations.pl_3") was successful, 3284 body bytes, 658 header bytes, 12 chunking overhead bytes  	[MsgId: MMSG-26385]
Action.c(85): web_submit_data("reservations.pl_4") started  	[MsgId: MMSG-26355]
Action.c(85): Resource "http://localhost:1080/WebTours/images/button_next.gif" is in the cache already and will not be downloaded again  	[MsgId: MMSG-26655]
Action.c(85): web_submit_data("reservations.pl_4") was successful, 4246 body bytes, 255 header bytes, 19 chunking overhead bytes  	[MsgId: MMSG-26385]
Ending action Action.
Starting action Action2.
Ending action Action2.
Ending iteration 8.
Waiting 35,4820 seconds for iteration pacing.
Starting iteration 9.
Starting action Action.
Action.c(4): web_url("Search Flights Button") started  	[MsgId: MMSG-26355]
Action.c(4): Detected non-resource "http://localhost:1080/cgi-bin/nav.pl?page=menu&in=flights" in "http://localhost:1080/cgi-bin/welcome.pl?page=search"  	[MsgId: MMSG-26574]
Action.c(4): Detected non-resource "http://localhost:1080/cgi-bin/reservations.pl?page=welcome" in "http://localhost:1080/cgi-bin/welcome.pl?page=search"  	[MsgId: MMSG-26574]
Action.c(4): Found resource "http://localhost:1080/WebTours/images/in_flights.gif" in HTML "http://localhost:1080/cgi-bin/nav.pl?page=menu&in=flights"  	[MsgId: MMSG-26659]
Action.c(4): Found resource "http://localhost:1080/WebTours/images/itinerary.gif" in HTML "http://localhost:1080/cgi-bin/nav.pl?page=menu&in=flights"  	[MsgId: MMSG-26659]
Action.c(4): Found resource "http://localhost:1080/WebTours/images/home.gif" in HTML "http://localhost:1080/cgi-bin/nav.pl?page=menu&in=flights"  	[MsgId: MMSG-26659]
Action.c(4): Found resource "http://localhost:1080/WebTours/images/signoff.gif" in HTML "http://localhost:1080/cgi-bin/nav.pl?page=menu&in=flights"  	[MsgId: MMSG-26659]
Action.c(4): Found resource "http://localhost:1080/WebTours/images/button_next.gif" in HTML "http://localhost:1080/cgi-bin/reservations.pl?page=welcome"  	[MsgId: MMSG-26659]
Action.c(4): web_url("Search Flights Button") was successful, 10000 body bytes, 2216 header bytes, 43 chunking overhead bytes  	[MsgId: MMSG-26385]
Action.c(14): web_submit_data("reservations.pl") started  	[MsgId: MMSG-26355]
Action.c(14): Resource "http://localhost:1080/WebTours/images/button_next.gif" is in the cache already and will not be downloaded again  	[MsgId: MMSG-26655]
Action.c(14): web_submit_data("reservations.pl") was successful, 2446 body bytes, 255 header bytes, 12 chunking overhead bytes  	[MsgId: MMSG-26385]
Action.c(38): web_submit_data("reservations.pl_2") started  	[MsgId: MMSG-26355]
Action.c(38): Resource "http://localhost:1080/WebTours/images/button_next.gif" is in the cache already and will not be downloaded again  	[MsgId: MMSG-26655]
Action.c(38): web_submit_data("reservations.pl_2") was successful, 2698 body bytes, 255 header bytes, 12 chunking overhead bytes  	[MsgId: MMSG-26385]
Action.c(56): web_submit_data("reservations.pl_3") started  	[MsgId: MMSG-26355]
Action.c(56): Found resource "http://localhost:1080/WebTours/images/bookanother.gif" in HTML "http://localhost:1080/cgi-bin/reservations.pl"  	[MsgId: MMSG-26659]
Action.c(56): web_submit_data("reservations.pl_3") was successful, 3284 body bytes, 658 header bytes, 12 chunking overhead bytes  	[MsgId: MMSG-26385]
Action.c(85): web_submit_data("reservations.pl_4") started  	[MsgId: MMSG-26355]
Action.c(85): Resource "http://localhost:1080/WebTours/images/button_next.gif" is in the cache already and will not be downloaded again  	[MsgId: MMSG-26655]
Action.c(85): web_submit_data("reservations.pl_4") was successful, 4246 body bytes, 255 header bytes, 19 chunking overhead bytes  	[MsgId: MMSG-26385]
Ending action Action.
Starting action Action1.
Action1.c(4): web_url("Home Button") started  	[MsgId: MMSG-26355]
Action1.c(4): Detected non-resource "http://localhost:1080/cgi-bin/nav.pl?page=menu&in=home" in "http://localhost:1080/cgi-bin/welcome.pl?page=menus"  	[MsgId: MMSG-26574]
Action1.c(4): Detected non-resource "http://localhost:1080/cgi-bin/login.pl?intro=true" in "http://localhost:1080/cgi-bin/welcome.pl?page=menus"  	[MsgId: MMSG-26574]
Action1.c(4): Found resource "http://localhost:1080/WebTours/images/flights.gif" in HTML "http://localhost:1080/cgi-bin/nav.pl?page=menu&in=home"  	[MsgId: MMSG-26659]
Action1.c(4): Resource "http://localhost:1080/WebTours/images/itinerary.gif" is in the cache already and will not be downloaded again  	[MsgId: MMSG-26655]
Action1.c(4): Found resource "http://localhost:1080/WebTours/images/in_home.gif" in HTML "http://localhost:1080/cgi-bin/nav.pl?page=menu&in=home"  	[MsgId: MMSG-26659]
Action1.c(4): Resource "http://localhost:1080/WebTours/images/signoff.gif" is in the cache already and will not be downloaded again  	[MsgId: MMSG-26655]
Action1.c(4): web_url("Home Button") was successful, 4410 body bytes, 1292 header bytes, 36 chunking overhead bytes  	[MsgId: MMSG-26385]
Ending action Action1.
Ending iteration 9.
Waiting 35,3560 seconds for iteration pacing.
Starting iteration 10.
Starting action Action.
Action.c(4): web_url("Search Flights Button") started  	[MsgId: MMSG-26355]
Action.c(4): Detected non-resource "http://localhost:1080/cgi-bin/nav.pl?page=menu&in=flights" in "http://localhost:1080/cgi-bin/welcome.pl?page=search"  	[MsgId: MMSG-26574]
Action.c(4): Detected non-resource "http://localhost:1080/cgi-bin/reservations.pl?page=welcome" in "http://localhost:1080/cgi-bin/welcome.pl?page=search"  	[MsgId: MMSG-26574]
Action.c(4): Found resource "http://localhost:1080/WebTours/images/in_flights.gif" in HTML "http://localhost:1080/cgi-bin/nav.pl?page=menu&in=flights"  	[MsgId: MMSG-26659]
Action.c(4): Found resource "http://localhost:1080/WebTours/images/itinerary.gif" in HTML "http://localhost:1080/cgi-bin/nav.pl?page=menu&in=flights"  	[MsgId: MMSG-26659]
Action.c(4): Found resource "http://localhost:1080/WebTours/images/home.gif" in HTML "http://localhost:1080/cgi-bin/nav.pl?page=menu&in=flights"  	[MsgId: MMSG-26659]
Action.c(4): Found resource "http://localhost:1080/WebTours/images/signoff.gif" in HTML "http://localhost:1080/cgi-bin/nav.pl?page=menu&in=flights"  	[MsgId: MMSG-26659]
Action.c(4): Found resource "http://localhost:1080/WebTours/images/button_next.gif" in HTML "http://localhost:1080/cgi-bin/reservations.pl?page=welcome"  	[MsgId: MMSG-26659]
Action.c(4): web_url("Search Flights Button") was successful, 10000 body bytes, 2216 header bytes, 43 chunking overhead bytes  	[MsgId: MMSG-26385]
Action.c(14): web_submit_data("reservations.pl") started  	[MsgId: MMSG-26355]
Action.c(14): Resource "http://localhost:1080/WebTours/images/button_next.gif" is in the cache already and will not be downloaded again  	[MsgId: MMSG-26655]
Action.c(14): web_submit_data("reservations.pl") was successful, 2446 body bytes, 255 header bytes, 12 chunking overhead bytes  	[MsgId: MMSG-26385]
Action.c(38): web_submit_data("reservations.pl_2") started  	[MsgId: MMSG-26355]
Action.c(38): Resource "http://localhost:1080/WebTours/images/button_next.gif" is in the cache already and will not be downloaded again  	[MsgId: MMSG-26655]
Action.c(38): web_submit_data("reservations.pl_2") was successful, 2698 body bytes, 255 header bytes, 12 chunking overhead bytes  	[MsgId: MMSG-26385]
Action.c(56): web_submit_data("reservations.pl_3") started  	[MsgId: MMSG-26355]
Action.c(56): Found resource "http://localhost:1080/WebTours/images/bookanother.gif" in HTML "http://localhost:1080/cgi-bin/reservations.pl"  	[MsgId: MMSG-26659]
Action.c(56): web_submit_data("reservations.pl_3") was successful, 3284 body bytes, 658 header bytes, 12 chunking overhead bytes  	[MsgId: MMSG-26385]
Action.c(85): web_submit_data("reservations.pl_4") started  	[MsgId: MMSG-26355]
Action.c(85): Resource "http://localhost:1080/WebTours/images/button_next.gif" is in the cache already and will not be downloaded again  	[MsgId: MMSG-26655]
Action.c(85): web_submit_data("reservations.pl_4") was successful, 4246 body bytes, 255 header bytes, 19 chunking overhead bytes  	[MsgId: MMSG-26385]
Ending action Action.
Starting action Action1.
Action1.c(4): web_url("Home Button") started  	[MsgId: MMSG-26355]
Action1.c(4): Detected non-resource "http://localhost:1080/cgi-bin/nav.pl?page=menu&in=home" in "http://localhost:1080/cgi-bin/welcome.pl?page=menus"  	[MsgId: MMSG-26574]
Action1.c(4): Detected non-resource "http://localhost:1080/cgi-bin/login.pl?intro=true" in "http://localhost:1080/cgi-bin/welcome.pl?page=menus"  	[MsgId: MMSG-26574]
Action1.c(4): Found resource "http://localhost:1080/WebTours/images/flights.gif" in HTML "http://localhost:1080/cgi-bin/nav.pl?page=menu&in=home"  	[MsgId: MMSG-26659]
Action1.c(4): Resource "http://localhost:1080/WebTours/images/itinerary.gif" is in the cache already and will not be downloaded again  	[MsgId: MMSG-26655]
Action1.c(4): Found resource "http://localhost:1080/WebTours/images/in_home.gif" in HTML "http://localhost:1080/cgi-bin/nav.pl?page=menu&in=home"  	[MsgId: MMSG-26659]
Action1.c(4): Resource "http://localhost:1080/WebTours/images/signoff.gif" is in the cache already and will not be downloaded again  	[MsgId: MMSG-26655]
Action1.c(4): web_url("Home Button") was successful, 4410 body bytes, 1292 header bytes, 36 chunking overhead bytes  	[MsgId: MMSG-26385]
Ending action Action1.
Ending iteration 10.
Ending Vuser...
Starting action vuser_end.
vuser_end.c(5): web_url("SignOff Button") started  	[MsgId: MMSG-26355]
vuser_end.c(5): Detected non-resource "http://localhost:1080/cgi-bin/nav.pl?in=home" in "http://localhost:1080/cgi-bin/welcome.pl?signOff=1"  	[MsgId: MMSG-26574]
vuser_end.c(5): Detected non-resource "http://localhost:1080/WebTours/home.html" in "http://localhost:1080/cgi-bin/welcome.pl?signOff=1"  	[MsgId: MMSG-26574]
vuser_end.c(5): Found resource "http://localhost:1080/WebTours/images/mer_login.gif" in HTML "http://localhost:1080/cgi-bin/nav.pl?in=home"  	[MsgId: MMSG-26659]
vuser_end.c(5): web_url("SignOff Button") was successful, 4208 body bytes, 1177 header bytes, 24 chunking overhead bytes  	[MsgId: MMSG-26385]
Ending action vuser_end.
Vuser Terminated.
